0 verbose cli C:\Program Files\nodejs\node.exe C:\Users\Maaz Fatima\AppData\Roaming\npm\node_modules\npm\bin\npm-cli.js
1 info using npm@10.5.0
2 info using node@v20.5.1
3 timing npm:load:whichnode Completed in 2ms
4 timing config:load:defaults Completed in 2ms
5 timing config:load:file:C:\Users\Maaz Fatima\AppData\Roaming\npm\node_modules\npm\npmrc Completed in 3ms
6 timing config:load:builtin Completed in 4ms
7 timing config:load:cli Completed in 2ms
8 timing config:load:env Completed in 0ms
9 timing config:load:file:C:\Users\Maaz Fatima\Documents\capstone\ecommerce-app\ecommerce-app\.npmrc Completed in 0ms
10 timing config:load:project Completed in 3ms
11 timing config:load:file:C:\Users\Maaz Fatima\.npmrc Completed in 1ms
12 timing config:load:user Completed in 1ms
13 timing config:load:file:C:\Users\Maaz Fatima\AppData\Roaming\npm\etc\npmrc Completed in 0ms
14 timing config:load:global Completed in 0ms
15 timing config:load:setEnvs Completed in 1ms
16 timing config:load Completed in 13ms
17 timing npm:load:configload Completed in 13ms
18 timing config:load:flatten Completed in 2ms
19 timing npm:load:mkdirpcache Completed in 0ms
20 timing npm:load:mkdirplogs Completed in 0ms
21 verbose title npm install
22 verbose argv "install" "--cache" "--force"
23 timing npm:load:setTitle Completed in 1ms
24 timing npm:load:display Completed in 1ms
25 verbose logfile logs-max:10 dir:C:\Users\Maaz Fatima\Documents\capstone\ecommerce-app\ecommerce-app\--force\_logs\2024-03-29T15_58_27_034Z-
26 verbose logfile C:\Users\Maaz Fatima\Documents\capstone\ecommerce-app\ecommerce-app\--force\_logs\2024-03-29T15_58_27_034Z-debug-0.log
27 timing npm:load:logFile Completed in 9ms
28 timing npm:load:timers Completed in 0ms
29 timing npm:load:configScope Completed in 0ms
30 timing npm:load Completed in 51ms
31 timing arborist:ctor Completed in 1ms
32 silly logfile done cleaning log files
33 timing idealTree:init Completed in 656ms
34 timing idealTree:userRequests Completed in 1ms
35 silly idealTree buildDeps
36 timing idealTree:#root Completed in 1ms
37 silly fetch manifest next@^13.0.0
38 timing arborist:ctor Completed in 0ms
39 http fetch GET 200 https://registry.npmjs.org/npm 1183ms
40 http fetch GET 200 https://registry.npmjs.org/next 10097ms (cache miss)
41 silly fetch manifest @opentelemetry/api@^1.1.0
42 http fetch GET 200 https://registry.npmjs.org/@opentelemetry%2fapi 154ms (cache miss)
43 silly fetch manifest react@^18.0.0
44 http fetch GET 200 https://registry.npmjs.org/react 942ms (cache miss)
45 silly fetch manifest react-dom@^18.2.0
46 http fetch GET 200 https://registry.npmjs.org/react-dom 891ms (cache miss)
47 silly fetch manifest sass@^1.3.0
48 http fetch GET 200 https://registry.npmjs.org/sass 345ms (cache miss)
49 timing idealTree Completed in 13609ms
50 timing command:install Completed in 13662ms
51 verbose stack Error: could not resolve
51 verbose stack     at PlaceDep.failPeerConflict (C:\Users\Maaz Fatima\AppData\Roaming\npm\node_modules\npm\node_modules\@npmcli\arborist\lib\place-dep.js:503:25)
51 verbose stack     at new PlaceDep (C:\Users\Maaz Fatima\AppData\Roaming\npm\node_modules\npm\node_modules\@npmcli\arborist\lib\place-dep.js:157:21)
51 verbose stack     at #buildDepStep (C:\Users\Maaz Fatima\AppData\Roaming\npm\node_modules\npm\node_modules\@npmcli\arborist\lib\arborist\build-ideal-tree.js:940:18)
51 verbose stack     at async Arborist.buildIdealTree (C:\Users\Maaz Fatima\AppData\Roaming\npm\node_modules\npm\node_modules\@npmcli\arborist\lib\arborist\build-ideal-tree.js:203:7)
51 verbose stack     at async Promise.all (index 1)
51 verbose stack     at async Arborist.reify (C:\Users\Maaz Fatima\AppData\Roaming\npm\node_modules\npm\node_modules\@npmcli\arborist\lib\arborist\reify.js:154:5)
51 verbose stack     at async Install.exec (C:\Users\Maaz Fatima\AppData\Roaming\npm\node_modules\npm\lib\commands\install.js:153:5)
51 verbose stack     at async module.exports (C:\Users\Maaz Fatima\AppData\Roaming\npm\node_modules\npm\lib\cli-entry.js:61:5)
52 verbose cwd C:\Users\Maaz Fatima\Documents\capstone\ecommerce-app\ecommerce-app
53 verbose Windows_NT 10.0.22621
54 verbose node v20.5.1
55 verbose npm  v10.5.0
56 error code ERESOLVE
57 error ERESOLVE could not resolve
58 error
59 error While resolving: [1mnext-sanity[22m@[1m4.3.2[22m
59 error Found: [1mnext[22m@[1m14.1.4[22m[2m[22m
59 error [2mnode_modules/next[22m
59 error   [1mnext[22m@"[1m^14.1.4[22m" from the root project
59 error   [35mpeer[39m [1mnext[22m@"[1m*[22m" from [1mnext-themes[22m@[1m0.2.1[22m[2m[22m
59 error   [2mnode_modules/next-themes[22m
59 error     [1mnext-themes[22m@"[1m0.2.1[22m" from the root project
59 error
59 error Could not resolve dependency:
59 error [35mpeer[39m [1mnext[22m@"[1m^13.0.0[22m" from [1mnext-sanity[22m@[1m4.3.2[22m[2m[22m
59 error [2mnode_modules/next-sanity[22m
59 error   [1mnext-sanity[22m@"[1m4.3.2[22m" from the root project
59 error
59 error Conflicting peer dependency: [1mnext[22m@[1m13.5.6[22m[2m[22m
59 error [2mnode_modules/next[22m
59 error   [35mpeer[39m [1mnext[22m@"[1m^13.0.0[22m" from [1mnext-sanity[22m@[1m4.3.2[22m[2m[22m
59 error   [2mnode_modules/next-sanity[22m
59 error     [1mnext-sanity[22m@"[1m4.3.2[22m" from the root project
59 error
59 error Fix the upstream dependency conflict, or retry
59 error this command with --force or --legacy-peer-deps
59 error to accept an incorrect (and potentially broken) dependency resolution.
60 error
60 error
60 error For a full report see:
60 error C:\Users\Maaz Fatima\Documents\capstone\ecommerce-app\ecommerce-app\--force\_logs\2024-03-29T15_58_27_034Z-eresolve-report.txt
61 verbose exit 1
62 timing npm Completed in 13952ms
63 verbose unfinished npm timer reify 1711727907309
64 verbose unfinished npm timer reify:loadTrees 1711727907358
65 verbose unfinished npm timer idealTree:buildDeps 1711727908017
66 verbose unfinished npm timer idealTree:node_modules/next-sanity 1711727908018
67 verbose code 1
68 error A complete log of this run can be found in: C:\Users\Maaz Fatima\Documents\capstone\ecommerce-app\ecommerce-app\--force\_logs\2024-03-29T15_58_27_034Z-debug-0.log
